 17 297 201 78660 21775
 72805 4097 56









 35378 8999
 35378 8999
 35378 6661
 35378 6661
 35378 6661 38
 35378 4 8999 38
 35378 4 8999 38
 903 83 6 3 5 238 6366
 148 7709 1019 361 458 134362 104 7 71 420 1132
 14271 29 117152
 6 149561 78270 48967 64254 7616 81705
 6 247206 15 33176 16 6 247442 6 3 15755 15 144227 8705 18255 40292 158 4460 33 27686 16 6 142325 15 191 538 28 121505 450 1556 6863 10002 47 1098 16
 35378
 35378
 35378
 35378
 35378
 35378 35378
 15
 2203
 242 1615
 35378 4 113 25 5584 38 11249 621 398 6 201344 705 23638 213 9007 133 1879 2681 2592 135224 1906 6087
 6 90827
 138
 3912
 6 66000
 138 66000
 3912 66000
 6 66000 66000
 138 66000 66000
 3912 66000 66000
 6 66000 66000 66000
 199152 3763
 17116 99397
 6 247206 15 33176 16 6 247442 6 3 15755 15 144227 8705 18255 40292 158 4460 33 27686 16 6 142325 6 3 138 3912 6 66000 138 66000 3912 66000 6 66000 66000 138 66000 66000 3912 66000 66000 80308 1031 5 363 138 27 363 6 149561 78270 48967 201344 705 23638 213 9007 133 1879 2681 2592 135224 1906 6087 6 110405 1369 69112 69112 69112 14271 29 117152 5106 4765 4765 1135 164721 164721 164721 58 58 58 58 2551 90827 32 85908 87 25 272 2809 242 18 18345 764 25 7 2685 4 242 11766 398 9077 32 242 594 959 9077 87 25 1181 3249 442 4 242 397 398 1884 3060 26156 32 1401 25 26455 10 25 141 866
